2023-06-13 11:08:55,868 [INFO] Activator:176 - 


2023-06-13 11:08:55,890 [INFO] Activator:177 - !SESSION log4j initialized
2023-06-13 11:10:03,867 [INFO] RetryExec:97 - I/O exception (org.apache.http.NoHttpResponseException) caught when processing request to {s}->https://download.eclipse.org:443: The target server failed to respond
2023-06-13 11:10:03,877 [INFO] RetryExec:113 - Retrying request to {s}->https://download.eclipse.org:443
2023-06-13 11:10:04,737 [INFO] RetryExec:97 - I/O exception (org.apache.http.NoHttpResponseException) caught when processing request to {s}->https://archive.eclipse.org:443: The target server failed to respond
2023-06-13 11:10:04,737 [INFO] RetryExec:113 - Retrying request to {s}->https://archive.eclipse.org:443
2023-06-13 11:10:05,718 [INFO] RetryExec:97 - I/O exception (org.apache.http.NoHttpResponseException) caught when processing request to {s}->https://download.eclipse.org:443: The target server failed to respond
2023-06-13 11:10:05,718 [INFO] RetryExec:113 - Retrying request to {s}->https://download.eclipse.org:443
2023-06-13 11:13:35,592 [INFO] Activator:176 - 


2023-06-13 11:13:35,602 [INFO] Activator:177 - !SESSION log4j initialized
2023-06-13 11:15:03,034 [INFO] RetryExec:97 - I/O exception (org.apache.http.NoHttpResponseException) caught when processing request to {s}->https://download.eclipse.org:443: The target server failed to respond
2023-06-13 11:15:03,034 [INFO] RetryExec:113 - Retrying request to {s}->https://download.eclipse.org:443
2023-06-13 11:15:04,159 [INFO] RetryExec:97 - I/O exception (org.apache.http.NoHttpResponseException) caught when processing request to {s}->https://archive.eclipse.org:443: The target server failed to respond
2023-06-13 11:15:04,169 [INFO] RetryExec:113 - Retrying request to {s}->https://archive.eclipse.org:443
2023-06-13 11:15:05,267 [INFO] RetryExec:97 - I/O exception (org.apache.http.NoHttpResponseException) caught when processing request to {s}->https://download.eclipse.org:443: The target server failed to respond
2023-06-13 11:15:05,267 [INFO] RetryExec:113 - Retrying request to {s}->https://download.eclipse.org:443
2023-06-13 12:59:27,021 [ERROR] LogOutputStream:74 - [STDERR_REDIRECT] Exception in thread "Thread-234" java.lang.NullPointerException
2023-06-13 12:59:27,021 [ERROR] LogOutputStream:74 - [STDERR_REDIRECT] 	at com.st.stm32cube.ide.mcu.stackanalyzer.ui.StackAnalyzerView.inputChanged(StackAnalyzerView.java:868)
2023-06-13 12:59:27,031 [ERROR] LogOutputStream:74 - [STDERR_REDIRECT] 	at com.st.stm32cube.ide.mcu.stackanalyzer.ui.StackAnalyzerView.lambda$16(StackAnalyzerView.java:1243)
2023-06-13 12:59:27,031 [ERROR] LogOutputStream:74 - [STDERR_REDIRECT] 	at java.lang.Thread.run(Thread.java:748)
2023-06-13 13:52:21,543 [INFO] Activator:176 - 


2023-06-13 13:52:21,553 [INFO] Activator:177 - !SESSION log4j initialized
2023-06-13 13:53:33,073 [INFO] RetryExec:97 - I/O exception (org.apache.http.NoHttpResponseException) caught when processing request to {s}->https://download.eclipse.org:443: The target server failed to respond
2023-06-13 13:53:33,073 [INFO] RetryExec:113 - Retrying request to {s}->https://download.eclipse.org:443
2023-06-13 13:53:33,933 [INFO] RetryExec:97 - I/O exception (org.apache.http.NoHttpResponseException) caught when processing request to {s}->https://archive.eclipse.org:443: The target server failed to respond
2023-06-13 13:53:33,933 [INFO] RetryExec:113 - Retrying request to {s}->https://archive.eclipse.org:443
2023-06-13 13:53:34,933 [INFO] RetryExec:97 - I/O exception (org.apache.http.NoHttpResponseException) caught when processing request to {s}->https://download.eclipse.org:443: The target server failed to respond
2023-06-13 13:53:34,933 [INFO] RetryExec:113 - Retrying request to {s}->https://download.eclipse.org:443
2023-06-13 16:40:49,109 [INFO] Activator:176 - 


2023-06-13 16:40:49,114 [INFO] Activator:177 - !SESSION log4j initialized
2023-06-13 16:41:55,286 [INFO] RetryExec:97 - I/O exception (org.apache.http.NoHttpResponseException) caught when processing request to {s}->https://download.eclipse.org:443: The target server failed to respond
2023-06-13 16:41:55,290 [INFO] RetryExec:113 - Retrying request to {s}->https://download.eclipse.org:443
2023-06-13 16:41:56,171 [INFO] RetryExec:97 - I/O exception (org.apache.http.NoHttpResponseException) caught when processing request to {s}->https://archive.eclipse.org:443: The target server failed to respond
2023-06-13 16:41:56,172 [INFO] RetryExec:113 - Retrying request to {s}->https://archive.eclipse.org:443
2023-06-13 16:41:57,247 [INFO] RetryExec:97 - I/O exception (org.apache.http.NoHttpResponseException) caught when processing request to {s}->https://download.eclipse.org:443: The target server failed to respond
2023-06-13 16:41:57,247 [INFO] RetryExec:113 - Retrying request to {s}->https://download.eclipse.org:443
2023-06-16 11:06:32,721 [INFO] Activator:176 - 


2023-06-16 11:06:32,730 [INFO] Activator:177 - !SESSION log4j initialized
2023-06-16 11:07:52,692 [INFO] RetryExec:97 - I/O exception (org.apache.http.NoHttpResponseException) caught when processing request to {s}->https://download.eclipse.org:443: The target server failed to respond
2023-06-16 11:07:52,696 [INFO] RetryExec:113 - Retrying request to {s}->https://download.eclipse.org:443
2023-06-16 11:07:53,569 [INFO] RetryExec:97 - I/O exception (org.apache.http.NoHttpResponseException) caught when processing request to {s}->https://archive.eclipse.org:443: The target server failed to respond
2023-06-16 11:07:53,569 [INFO] RetryExec:113 - Retrying request to {s}->https://archive.eclipse.org:443
2023-06-16 11:07:54,510 [INFO] RetryExec:97 - I/O exception (org.apache.http.NoHttpResponseException) caught when processing request to {s}->https://download.eclipse.org:443: The target server failed to respond
2023-06-16 11:07:54,510 [INFO] RetryExec:113 - Retrying request to {s}->https://download.eclipse.org:443
2023-06-16 11:12:28,040 [INFO] Activator:176 - 


2023-06-16 11:12:28,054 [INFO] Activator:177 - !SESSION log4j initialized
2023-06-16 11:13:40,795 [INFO] RetryExec:97 - I/O exception (org.apache.http.NoHttpResponseException) caught when processing request to {s}->https://download.eclipse.org:443: The target server failed to respond
2023-06-16 11:13:40,798 [INFO] RetryExec:113 - Retrying request to {s}->https://download.eclipse.org:443
2023-06-16 11:13:41,702 [INFO] RetryExec:97 - I/O exception (org.apache.http.NoHttpResponseException) caught when processing request to {s}->https://archive.eclipse.org:443: The target server failed to respond
2023-06-16 11:13:41,703 [INFO] RetryExec:113 - Retrying request to {s}->https://archive.eclipse.org:443
2023-06-16 11:13:42,718 [INFO] RetryExec:97 - I/O exception (org.apache.http.NoHttpResponseException) caught when processing request to {s}->https://download.eclipse.org:443: The target server failed to respond
2023-06-16 11:13:42,719 [INFO] RetryExec:113 - Retrying request to {s}->https://download.eclipse.org:443
2023-06-16 11:14:30,642 [INFO] Activator:176 - 


2023-06-16 11:14:30,649 [INFO] Activator:177 - !SESSION log4j initialized
2023-06-16 11:15:40,638 [INFO] RetryExec:97 - I/O exception (org.apache.http.NoHttpResponseException) caught when processing request to {s}->https://download.eclipse.org:443: The target server failed to respond
2023-06-16 11:15:40,641 [INFO] RetryExec:113 - Retrying request to {s}->https://download.eclipse.org:443
2023-06-16 11:15:41,539 [INFO] RetryExec:97 - I/O exception (org.apache.http.NoHttpResponseException) caught when processing request to {s}->https://archive.eclipse.org:443: The target server failed to respond
2023-06-16 11:15:41,540 [INFO] RetryExec:113 - Retrying request to {s}->https://archive.eclipse.org:443
2023-06-16 11:15:42,457 [INFO] RetryExec:97 - I/O exception (org.apache.http.NoHttpResponseException) caught when processing request to {s}->https://download.eclipse.org:443: The target server failed to respond
2023-06-16 11:15:42,457 [INFO] RetryExec:113 - Retrying request to {s}->https://download.eclipse.org:443
2023-06-21 11:11:07,202 [INFO] Activator:176 - 


2023-06-21 11:11:07,212 [INFO] Activator:177 - !SESSION log4j initialized
2023-06-21 11:13:16,537 [INFO] RetryExec:97 - I/O exception (org.apache.http.NoHttpResponseException) caught when processing request to {s}->https://download.eclipse.org:443: The target server failed to respond
2023-06-21 11:13:16,537 [INFO] RetryExec:113 - Retrying request to {s}->https://download.eclipse.org:443
2023-06-21 11:13:17,397 [INFO] RetryExec:97 - I/O exception (org.apache.http.NoHttpResponseException) caught when processing request to {s}->https://archive.eclipse.org:443: The target server failed to respond
2023-06-21 11:13:17,397 [INFO] RetryExec:113 - Retrying request to {s}->https://archive.eclipse.org:443
2023-06-21 11:13:18,377 [INFO] RetryExec:97 - I/O exception (org.apache.http.NoHttpResponseException) caught when processing request to {s}->https://download.eclipse.org:443: The target server failed to respond
2023-06-21 11:13:18,377 [INFO] RetryExec:113 - Retrying request to {s}->https://download.eclipse.org:443
2023-06-22 10:53:18,247 [INFO] Activator:176 - 


2023-06-22 10:53:18,257 [INFO] Activator:177 - !SESSION log4j initialized
2023-06-22 10:55:19,900 [INFO] RetryExec:97 - I/O exception (org.apache.http.NoHttpResponseException) caught when processing request to {s}->https://download.eclipse.org:443: The target server failed to respond
2023-06-22 10:55:19,900 [INFO] RetryExec:113 - Retrying request to {s}->https://download.eclipse.org:443
2023-06-22 10:55:20,789 [INFO] RetryExec:97 - I/O exception (org.apache.http.NoHttpResponseException) caught when processing request to {s}->https://archive.eclipse.org:443: The target server failed to respond
2023-06-22 10:55:20,789 [INFO] RetryExec:113 - Retrying request to {s}->https://archive.eclipse.org:443
2023-06-22 10:55:21,771 [INFO] RetryExec:97 - I/O exception (org.apache.http.NoHttpResponseException) caught when processing request to {s}->https://download.eclipse.org:443: The target server failed to respond
2023-06-22 10:55:21,771 [INFO] RetryExec:113 - Retrying request to {s}->https://download.eclipse.org:443
2023-06-23 11:16:34,330 [INFO] Activator:176 - 


2023-06-23 11:16:34,330 [INFO] Activator:177 - !SESSION log4j initialized
2023-06-23 11:17:45,303 [INFO] RetryExec:97 - I/O exception (org.apache.http.NoHttpResponseException) caught when processing request to {s}->https://download.eclipse.org:443: The target server failed to respond
2023-06-23 11:17:45,303 [INFO] RetryExec:113 - Retrying request to {s}->https://download.eclipse.org:443
2023-06-23 11:17:46,253 [INFO] RetryExec:97 - I/O exception (org.apache.http.NoHttpResponseException) caught when processing request to {s}->https://archive.eclipse.org:443: The target server failed to respond
2023-06-23 11:17:46,253 [INFO] RetryExec:113 - Retrying request to {s}->https://archive.eclipse.org:443
2023-06-23 11:17:47,263 [INFO] RetryExec:97 - I/O exception (org.apache.http.NoHttpResponseException) caught when processing request to {s}->https://download.eclipse.org:443: The target server failed to respond
2023-06-23 11:17:47,263 [INFO] RetryExec:113 - Retrying request to {s}->https://download.eclipse.org:443
2023-06-26 11:07:26,948 [INFO] Activator:176 - 


2023-06-26 11:07:26,955 [INFO] Activator:177 - !SESSION log4j initialized
2023-06-26 11:08:50,379 [INFO] RetryExec:97 - I/O exception (org.apache.http.NoHttpResponseException) caught when processing request to {s}->https://download.eclipse.org:443: The target server failed to respond
2023-06-26 11:08:50,383 [INFO] RetryExec:113 - Retrying request to {s}->https://download.eclipse.org:443
2023-06-26 11:08:51,372 [INFO] RetryExec:97 - I/O exception (org.apache.http.NoHttpResponseException) caught when processing request to {s}->https://archive.eclipse.org:443: The target server failed to respond
2023-06-26 11:08:51,372 [INFO] RetryExec:113 - Retrying request to {s}->https://archive.eclipse.org:443
2023-06-26 11:08:52,356 [INFO] RetryExec:97 - I/O exception (org.apache.http.NoHttpResponseException) caught when processing request to {s}->https://download.eclipse.org:443: The target server failed to respond
2023-06-26 11:08:52,357 [INFO] RetryExec:113 - Retrying request to {s}->https://download.eclipse.org:443
2023-06-29 16:37:28,018 [INFO] Activator:176 - 


2023-06-29 16:37:28,024 [INFO] Activator:177 - !SESSION log4j initialized
2023-06-29 16:39:30,114 [INFO] RetryExec:97 - I/O exception (org.apache.http.NoHttpResponseException) caught when processing request to {s}->https://download.eclipse.org:443: The target server failed to respond
2023-06-29 16:39:30,118 [INFO] RetryExec:113 - Retrying request to {s}->https://download.eclipse.org:443
2023-06-29 16:39:31,109 [INFO] RetryExec:97 - I/O exception (org.apache.http.NoHttpResponseException) caught when processing request to {s}->https://archive.eclipse.org:443: The target server failed to respond
2023-06-29 16:39:31,110 [INFO] RetryExec:113 - Retrying request to {s}->https://archive.eclipse.org:443
2023-06-29 16:39:32,195 [INFO] RetryExec:97 - I/O exception (org.apache.http.NoHttpResponseException) caught when processing request to {s}->https://download.eclipse.org:443: The target server failed to respond
2023-06-29 16:39:32,196 [INFO] RetryExec:113 - Retrying request to {s}->https://download.eclipse.org:443
2023-06-30 10:57:12,010 [INFO] Activator:176 - 


2023-06-30 10:57:12,020 [INFO] Activator:177 - !SESSION log4j initialized
2023-06-30 10:59:34,005 [INFO] RetryExec:97 - I/O exception (org.apache.http.NoHttpResponseException) caught when processing request to {s}->https://download.eclipse.org:443: The target server failed to respond
2023-06-30 10:59:34,016 [INFO] RetryExec:113 - Retrying request to {s}->https://download.eclipse.org:443
2023-06-30 10:59:34,883 [INFO] RetryExec:97 - I/O exception (org.apache.http.NoHttpResponseException) caught when processing request to {s}->https://archive.eclipse.org:443: The target server failed to respond
2023-06-30 10:59:34,883 [INFO] RetryExec:113 - Retrying request to {s}->https://archive.eclipse.org:443
2023-06-30 10:59:35,883 [INFO] RetryExec:97 - I/O exception (org.apache.http.NoHttpResponseException) caught when processing request to {s}->https://download.eclipse.org:443: The target server failed to respond
2023-06-30 10:59:35,883 [INFO] RetryExec:113 - Retrying request to {s}->https://download.eclipse.org:443
2023-07-03 10:27:52,481 [INFO] Activator:176 - 


2023-07-03 10:27:52,488 [INFO] Activator:177 - !SESSION log4j initialized
